<?xml version="1.0" encoding="UTF-8"?>
<testng-results ignored="0" total="2" passed="2" failed="0" skipped="0">
  <reporter-output>
  </reporter-output>
  <suite started-at="2021-06-01T01:24:42Z" name="Suite" finished-at="2021-06-01T01:28:13Z" duration-ms="211480">
    <groups>
    </groups>
    <test started-at="2021-06-01T01:24:42Z" name="Test" finished-at="2021-06-01T01:28:13Z" duration-ms="211480">
      <class name="exercise.TestCase">
        <test-method is-config="true" signature="beforeTest()[pri:0, instance:exercise.TestCase@4988d8b8]" started-at="2021-06-01T01:24:42Z" name="beforeTest" finished-at="2021-06-01T01:25:11Z" duration-ms="29384" status="PASS">
          <reporter-output>
          </reporter-output>
        </test-method> <!-- beforeTest -->
        <test-method signature="testCase1()[pri:0, instance:exercise.TestCase@4988d8b8]" started-at="2021-06-01T01:25:11Z" name="testCase1" finished-at="2021-06-01T01:27:05Z" duration-ms="113208" status="PASS">
          <reporter-output>
          </reporter-output>
        </test-method> <!-- testCase1 -->
        <test-method signature="testCase2()[pri:1, instance:exercise.TestCase@4988d8b8]" started-at="2021-06-01T01:27:05Z" name="testCase2" finished-at="2021-06-01T01:28:09Z" duration-ms="64674" status="PASS">
          <reporter-output>
          </reporter-output>
        </test-method> <!-- testCase2 -->
        <test-method is-config="true" signature="afterTest()[pri:0, instance:exercise.TestCase@4988d8b8]" started-at="2021-06-01T01:28:09Z" name="afterTest" finished-at="2021-06-01T01:28:13Z" duration-ms="4180" status="PASS">
          <reporter-output>
          </reporter-output>
        </test-method> <!-- afterTest -->
      </class> <!-- exercise.TestCase -->
    </test> <!-- Test -->
  </suite> <!-- Suite -->
</testng-results>
